Determining if the pthread_create exist failed with the following output:
Change Dir: /home/sam/Final Year Project/CMakeFiles/CMakeTmp

Run Build Command:/usr/bin/make "cmTryCompileExec2547961863/fast"
/usr/bin/make -f CMakeFiles/cmTryCompileExec2547961863.dir/build.make CMakeFiles/cmTryCompileExec2547961863.dir/build
make[1]: Entering directory `/home/sam/Final Year Project/CMakeFiles/CMakeTmp'
/usr/bin/cmake -E cmake_progress_report "/home/sam/Final Year Project/CMakeFiles/CMakeTmp/CMakeFiles" 1
Building C object CMakeFiles/cmTryCompileExec2547961863.dir/CheckSymbolExists.c.o
/usr/bin/cc    -o CMakeFiles/cmTryCompileExec2547961863.dir/CheckSymbolExists.c.o   -c "/home/sam/Final Year Project/CMakeFiles/CMakeTmp/CheckSymbolExists.c"
Linking C executable cmTryCompileExec2547961863
/usr/bin/cmake -E cmake_link_script CMakeFiles/cmTryCompileExec2547961863.dir/link.txt --verbose=1
/usr/bin/cc       CMakeFiles/cmTryCompileExec2547961863.dir/CheckSymbolExists.c.o  -o cmTryCompileExec2547961863 -rdynamic 
CMakeFiles/cmTryCompileExec2547961863.dir/CheckSymbolExists.c.o: In function `main':
CheckSymbolExists.c:(.text+0x16): undefined reference to `pthread_create'
collect2: error: ld returned 1 exit status
make[1]: Leaving directory `/home/sam/Final Year Project/CMakeFiles/CMakeTmp'
make[1]: *** [cmTryCompileExec2547961863] Error 1
make: *** [cmTryCompileExec2547961863/fast] Error 2

File /home/sam/Final Year Project/CMakeFiles/CMakeTmp/CheckSymbolExists.c:
/* */
#include <pthread.h>

int main(int argc, char** argv)
{
  (void)argv;
#ifndef pthread_create
  return ((int*)(&pthread_create))[argc];
#else
  (void)argc;
  return 0;
#endif
}

Determining if the function pthread_create exists in the pthreads failed with the following output:
Change Dir: /home/sam/Final Year Project/CMakeFiles/CMakeTmp

Run Build Command:/usr/bin/make "cmTryCompileExec4097839408/fast"
/usr/bin/make -f CMakeFiles/cmTryCompileExec4097839408.dir/build.make CMakeFiles/cmTryCompileExec4097839408.dir/build
make[1]: Entering directory `/home/sam/Final Year Project/CMakeFiles/CMakeTmp'
/usr/bin/cmake -E cmake_progress_report "/home/sam/Final Year Project/CMakeFiles/CMakeTmp/CMakeFiles" 1
Building C object CMakeFiles/cmTryCompileExec4097839408.dir/CheckFunctionExists.c.o
/usr/bin/cc   -DCHECK_FUNCTION_EXISTS=pthread_create   -o CMakeFiles/cmTryCompileExec4097839408.dir/CheckFunctionExists.c.o   -c /usr/share/cmake-2.8/Modules/CheckFunctionExists.c
Linking C executable cmTryCompileExec4097839408
/usr/bin/cmake -E cmake_link_script CMakeFiles/cmTryCompileExec4097839408.dir/link.txt --verbose=1
/usr/bin/cc   -DCHECK_FUNCTION_EXISTS=pthread_create    CMakeFiles/cmTryCompileExec4097839408.dir/CheckFunctionExists.c.o  -o cmTryCompileExec4097839408 -rdynamic -lpthreads 
/usr/bin/ld: cannot find -lpthreads
collect2: error: ld returned 1 exit status
make[1]: *** [cmTryCompileExec4097839408] Error 1
make[1]: Leaving directory `/home/sam/Final Year Project/CMakeFiles/CMakeTmp'
make: *** [cmTryCompileExec4097839408/fast] Error 2


