Determining if the pthread_create exist failed with the following output:
Change Dir: /home/dell/Documents/Final Year/Arrows/Build/CMakeFiles/CMakeTmp

Run Build Command:/usr/bin/make "cmTryCompileExec3181542055/fast"
/usr/bin/make -f CMakeFiles/cmTryCompileExec3181542055.dir/build.make CMakeFiles/cmTryCompileExec3181542055.dir/build
make[1]: Entering directory `/home/dell/Documents/Final Year/Arrows/Build/CMakeFiles/CMakeTmp'
/usr/bin/cmake -E cmake_progress_report "/home/dell/Documents/Final Year/Arrows/Build/CMakeFiles/CMakeTmp/CMakeFiles" 1
Building C object CMakeFiles/cmTryCompileExec3181542055.dir/CheckSymbolExists.c.o
/usr/bin/cc    -o CMakeFiles/cmTryCompileExec3181542055.dir/CheckSymbolExists.c.o   -c "/home/dell/Documents/Final Year/Arrows/Build/CMakeFiles/CMakeTmp/CheckSymbolExists.c"
Linking C executable cmTryCompileExec3181542055
/usr/bin/cmake -E cmake_link_script CMakeFiles/cmTryCompileExec3181542055.dir/link.txt --verbose=1
/usr/bin/cc       CMakeFiles/cmTryCompileExec3181542055.dir/CheckSymbolExists.c.o  -o cmTryCompileExec3181542055 -rdynamic 
CMakeFiles/cmTryCompileExec3181542055.dir/CheckSymbolExists.c.o: In function `main':
CheckSymbolExists.c:(.text+0x16): undefined reference to `pthread_create'
collect2: error: ld returned 1 exit status
make[1]: *** [cmTryCompileExec3181542055] Error 1
make[1]: Leaving directory `/home/dell/Documents/Final Year/Arrows/Build/CMakeFiles/CMakeTmp'
make: *** [cmTryCompileExec3181542055/fast] Error 2

File /home/dell/Documents/Final Year/Arrows/Build/CMakeFiles/CMakeTmp/CheckSymbolExists.c:
/* */
#include <pthread.h>

int main(int argc, char** argv)
{
  (void)argv;
#ifndef pthread_create
  return ((int*)(&pthread_create))[argc];
#else
  (void)argc;
  return 0;
#endif
}

Determining if the function pthread_create exists in the pthreads failed with the following output:
Change Dir: /home/dell/Documents/Final Year/Arrows/Build/CMakeFiles/CMakeTmp

Run Build Command:/usr/bin/make "cmTryCompileExec2805237872/fast"
/usr/bin/make -f CMakeFiles/cmTryCompileExec2805237872.dir/build.make CMakeFiles/cmTryCompileExec2805237872.dir/build
make[1]: Entering directory `/home/dell/Documents/Final Year/Arrows/Build/CMakeFiles/CMakeTmp'
/usr/bin/cmake -E cmake_progress_report "/home/dell/Documents/Final Year/Arrows/Build/CMakeFiles/CMakeTmp/CMakeFiles" 1
Building C object CMakeFiles/cmTryCompileExec2805237872.dir/CheckFunctionExists.c.o
/usr/bin/cc   -DCHECK_FUNCTION_EXISTS=pthread_create   -o CMakeFiles/cmTryCompileExec2805237872.dir/CheckFunctionExists.c.o   -c /usr/share/cmake-2.8/Modules/CheckFunctionExists.c
Linking C executable cmTryCompileExec2805237872
/usr/bin/cmake -E cmake_link_script CMakeFiles/cmTryCompileExec2805237872.dir/link.txt --verbose=1
/usr/bin/cc   -DCHECK_FUNCTION_EXISTS=pthread_create    CMakeFiles/cmTryCompileExec2805237872.dir/CheckFunctionExists.c.o  -o cmTryCompileExec2805237872 -rdynamic -lpthreads 
/usr/bin/ld: cannot find -lpthreads
collect2: error: ld returned 1 exit status
make[1]: *** [cmTryCompileExec2805237872] Error 1
make[1]: Leaving directory `/home/dell/Documents/Final Year/Arrows/Build/CMakeFiles/CMakeTmp'
make: *** [cmTryCompileExec2805237872/fast] Error 2


